Base path: 'C:/Program Files/Unity/Hub/Editor/2019.2.6f1/Editor/Data', plugins path 'C:/Program Files/Unity/Hub/Editor/2019.2.6f1/Editor/Data/PlaybackEngines'
Cmd: initializeCompiler
Cmd: compileComputeKernel
  api=4 insize=19040 outsize=1491 ok=1
Cmd: compileComputeKernel
  api=4 insize=15806 outsize=93856 ok=1
Cmd: compileComputeKernel
  api=4 insize=15806 outsize=22400 ok=1
Cmd: compileComputeKernel
  api=4 insize=15806 outsize=45306 ok=1
Cmd: compileComputeKernel
  api=4 insize=15806 outsize=38729 ok=1
Cmd: compileComputeKernel
  api=4 insize=15806 outsize=45639 ok=1
Cmd: compileComputeKernel
  api=4 insize=15806 outsize=47695 ok=1
Cmd: compileComputeKernel
  api=4 insize=15806 outsize=54087 ok=1
Cmd: compileComputeKernel
  api=4 insize=15806 outsize=36067 ok=1
Cmd: compileComputeKernel
  api=4 insize=15806 outsize=42964 ok=1
Cmd: compileComputeKernel
  api=4 insize=15806 outsize=14004 ok=1
Cmd: compileComputeKernel
  api=4 insize=15806 outsize=15259 ok=1
Cmd: compileComputeKernel
  api=4 insize=15806 outsize=22411 ok=1
Cmd: compileComputeKernel
  api=4 insize=15806 outsize=47631 ok=1
Cmd: compileComputeKernel
  api=4 insize=15806 outsize=40646 ok=1
Cmd: compileComputeKernel
  api=4 insize=15806 outsize=34043 ok=1
Cmd: compileComputeKernel
  api=4 insize=15806 outsize=47452 ok=1
Cmd: compileComputeKernel
  api=4 insize=15806 outsize=34048 ok=1
Cmd: compileComputeKernel
  api=4 insize=15806 outsize=67647 ok=1
Cmd: compileComputeKernel
  api=4 insize=15806 outsize=34092 ok=1
Cmd: compileComputeKernel
  api=4 insize=15806 outsize=67391 ok=1
Cmd: compileComputeKernel
  api=4 insize=26390 outsize=15415 ok=1
Cmd: compileComputeKernel
  api=4 insize=26390 outsize=15377 ok=1
Cmd: compileComputeKernel
  api=4 insize=26390 outsize=324 ok=1
Cmd: compileComputeKernel
  api=4 insize=5910 outsize=6007 ok=1
Cmd: compileComputeKernel
  api=4 insize=1372 outsize=678 ok=1
Cmd: compileComputeKernel
  api=4 insize=2713 outsize=1945 ok=1
Cmd: compileComputeKernel
  api=4 insize=9590 outsize=12677 ok=1
Cmd: compileComputeKernel
  api=4 insize=9590 outsize=9146 ok=1
Cmd: compileComputeKernel
  api=4 insize=11807 outsize=9470 ok=1
Cmd: compileComputeKernel
  api=4 insize=9730 outsize=4294 ok=1
Cmd: compileComputeKernel
  api=4 insize=4133 outsize=5279 ok=1
Cmd: compileComputeKernel
  api=4 insize=5067 outsize=2417 ok=1
Cmd: compileComputeKernel
  api=4 insize=12177 outsize=953 ok=1
Cmd: compileComputeKernel
  api=4 insize=7611 outsize=6586 ok=1
Cmd: compileComputeKernel
  api=4 insize=3154 outsize=1980 ok=1
Cmd: compileComputeKernel
  api=4 insize=1988 outsize=1220 ok=1
Cmd: compileComputeKernel
  api=4 insize=13984 outsize=4058 ok=1
Cmd: compileComputeKernel
  api=4 insize=22088 outsize=14055 ok=1
Cmd: compileComputeKernel
  api=4 insize=22088 outsize=14767 ok=1
Cmd: compileComputeKernel
  api=4 insize=22288 outsize=21741 ok=1
Cmd: compileComputeKernel
  api=4 insize=8884 outsize=4172 ok=1
Cmd: compileComputeKernel
  api=4 insize=3111 outsize=3237 ok=1
Cmd: compileComputeKernel
  api=4 insize=8163 outsize=1857 ok=1
Cmd: compileComputeKernel
  api=4 insize=21149 outsize=27771 ok=1
Cmd: compileComputeKernel
  api=4 insize=37247 outsize=35084 ok=1
Cmd: compileComputeKernel
  api=4 insize=37247 outsize=36696 ok=1
Cmd: compileComputeKernel
  api=4 insize=37247 outsize=35084 ok=1
Cmd: compileComputeKernel
  api=4 insize=37247 outsize=36696 ok=1
Cmd: compileComputeKernel
  api=4 insize=17989 outsize=7333 ok=1
Cmd: compileComputeKernel
  api=4 insize=5190 outsize=1485 ok=1
Cmd: compileComputeKernel
  api=4 insize=5190 outsize=2822 ok=1
Cmd: compileComputeKernel
  api=4 insize=5190 outsize=899 ok=1
Cmd: compileComputeKernel
  api=4 insize=16084 outsize=3063 ok=1
Cmd: compileComputeKernel
  api=4 insize=9203 outsize=4969 ok=1
Cmd: compileComputeKernel
  api=4 insize=3133 outsize=2756 ok=1
Cmd: compileComputeKernel
  api=4 insize=10127 outsize=3652 ok=1
Cmd: compileComputeKernel
  api=4 insize=7903 outsize=4491 ok=1
Cmd: compileComputeKernel
  api=4 insize=7903 outsize=4600 ok=1
Cmd: compileComputeKernel
  api=4 insize=4037 outsize=2751 ok=1
Cmd: compileComputeKernel
  api=4 insize=18083 outsize=635 ok=1
Cmd: compileComputeKernel
  api=4 insize=18083 outsize=5562 ok=1
Cmd: compileComputeKernel
  api=4 insize=5893 outsize=7136 ok=1
Cmd: compileComputeKernel
  api=4 insize=3936 outsize=4285 ok=1
Cmd: compileComputeKernel
  api=4 insize=2555 outsize=562 ok=1
Cmd: compileComputeKernel
  api=4 insize=20136 outsize=2569 ok=1
Cmd: compileSnippet
<<<<<<< HEAD
  api=4 type=0 insize=3277 outsize=970 kw=DEBUG_DISPLAY pd=UNITY_ENABLE_REFLECTION_BUFFERS UNITY_USE_DITHER_MASK_FOR_ALPHABLENDED_SHADOWS UNITY_PBS_USE_BRDF1 UNITY_SPECCUBE_BOX_PROJECTION UNITY_SPECCUBE_BLENDING UNITY_ENABLE_DETAIL_NORMALMAP SHADER_API_DESKTOP UNITY_LIGHT_PROBE_PROXY_VOLUME UNITY_LIGHTMAP_FULL_HDR ok=1
=======
  api=4 type=0 insize=6753 outsize=1834 kw=UNITY_PASS_MOTIONVECTORS _NORMALMAP_TANGENT_SPACE pd=UNITY_ENABLE_REFLECTION_BUFFERS UNITY_USE_DITHER_MASK_FOR_ALPHABLENDED_SHADOWS UNITY_PBS_USE_BRDF1 UNITY_SPECCUBE_BOX_PROJECTION UNITY_SPECCUBE_BLENDING UNITY_ENABLE_DETAIL_NORMALMAP SHADER_API_DESKTOP UNITY_LIGHT_PROBE_PROXY_VOLUME UNITY_LIGHTMAP_FULL_HDR ok=1
Cmd: compileSnippet
  api=4 type=0 insize=7331 outsize=1818 kw=DECALS_3RT DEBUG_DISPLAY _NORMALMAP_TANGENT_SPACE pd=UNITY_ENABLE_REFLECTION_BUFFERS UNITY_USE_DITHER_MASK_FOR_ALPHABLENDED_SHADOWS UNITY_PBS_USE_BRDF1 UNITY_SPECCUBE_BOX_PROJECTION UNITY_SPECCUBE_BLENDING UNITY_ENABLE_DETAIL_NORMALMAP SHADER_API_DESKTOP UNITY_LIGHT_PROBE_PROXY_VOLUME UNITY_LIGHTMAP_FULL_HDR ok=1
>>>>>>> master
