Base path: 'C:/Program Files/Unity/Hub/Editor/2019.2.6f1/Editor/Data', plugins path 'C:/Program Files/Unity/Hub/Editor/2019.2.6f1/Editor/Data/PlaybackEngines'
Cmd: initializeCompiler
Cmd: preprocess
  insize=6970 outsize=724 ok=1
Cmd: preprocess
  insize=4570 outsize=635 ok=1
Cmd: preprocess
  insize=3392 outsize=659 ok=1
Cmd: preprocessCompute
  insize=2621 outsize=2627 ok=1
Cmd: preprocessCompute
  insize=19028 outsize=19040 ok=1
Cmd: preprocess
  insize=2699 outsize=585 ok=1
Cmd: preprocessCompute
  insize=15680 outsize=15806 ok=1
Cmd: preprocessCompute
  insize=26366 outsize=26390 ok=1
Cmd: preprocessCompute
  insize=3921 outsize=3927 ok=1
Cmd: preprocess
  insize=2435 outsize=304 ok=1
Cmd: preprocess
  insize=3756 outsize=315 ok=1
Cmd: preprocess
  insize=2769 outsize=302 ok=1
Cmd: preprocessCompute
  insize=5904 outsize=5910 ok=1
Cmd: preprocessCompute
  insize=1065 outsize=1067 ok=1
Cmd: preprocessCompute
  insize=3794 outsize=3798 ok=1
Cmd: preprocess
  insize=28244 outsize=17423 ok=1
Cmd: preprocessCompute
  insize=1366 outsize=1372 ok=1
Cmd: preprocessCompute
  insize=2709 outsize=2713 ok=1
Cmd: preprocess
  insize=4114 outsize=913 ok=1
Cmd: preprocess
  insize=4283 outsize=374 ok=1
Cmd: preprocessCompute
  insize=11563 outsize=11565 ok=1
Cmd: preprocess
  insize=2716 outsize=488 ok=1
Cmd: preprocessCompute
  insize=999 outsize=1003 ok=1
Cmd: preprocess
  insize=426 outsize=426 ok=1
Cmd: preprocess
  insize=2032 outsize=661 ok=1
Cmd: preprocess
  insize=1176 outsize=496 ok=1
Cmd: preprocess
  insize=3887 outsize=523 ok=1
Cmd: preprocess
  insize=1383 outsize=307 ok=1
Cmd: preprocess
  insize=3692 outsize=866 ok=1
Cmd: preprocessCompute
  insize=9572 outsize=9590 ok=1
Cmd: preprocess
  insize=1074 outsize=379 ok=1
Cmd: preprocess
  insize=3759 outsize=647 ok=1
Cmd: preprocess
  insize=5730 outsize=307 ok=1
Cmd: preprocess
  insize=6639 outsize=2823 ok=1
Cmd: preprocessCompute
  insize=11801 outsize=11807 ok=1
Cmd: preprocessCompute
  insize=9722 outsize=9730 ok=1
Cmd: preprocess
  insize=1764 outsize=380 ok=1
Cmd: preprocess
  insize=2222 outsize=472 ok=1
Cmd: preprocess
  insize=22798 outsize=3172 ok=1
Cmd: preprocess
  insize=5954 outsize=297 ok=1
Cmd: preprocess
  insize=3180 outsize=344 ok=1
Cmd: preprocessCompute
  insize=4127 outsize=4133 ok=1
Cmd: preprocessCompute
  insize=5057 outsize=5067 ok=1
Cmd: preprocess
  insize=3245 outsize=383 ok=1
Cmd: preprocessCompute
  insize=3324 outsize=3328 ok=1
Cmd: preprocessCompute
  insize=12171 outsize=12177 ok=1
Cmd: preprocessCompute
  insize=7597 outsize=7611 ok=1
Cmd: preprocessCompute
  insize=3148 outsize=3154 ok=1
Cmd: preprocess
  insize=1431 outsize=281 ok=1
Cmd: preprocess
  insize=2447 outsize=318 ok=1
Cmd: preprocess
  insize=1789 outsize=273 ok=1
Cmd: preprocess
  insize=5942 outsize=281 ok=1
Cmd: preprocess
  insize=978 outsize=231 ok=1
Cmd: preprocessCompute
  insize=1982 outsize=1988 ok=1
Cmd: preprocess
  insize=4178 outsize=709 ok=1
Cmd: preprocessCompute
  insize=12582 outsize=12586 ok=1
Cmd: preprocessCompute
  insize=13972 outsize=13984 ok=1
Cmd: preprocessCompute
  insize=2739 outsize=2741 ok=1
Cmd: preprocessCompute
  insize=1877 outsize=1881 ok=1
Cmd: preprocess
  insize=19653 outsize=9984 ok=1
Cmd: preprocessCompute
  insize=22070 outsize=22088 ok=1
Cmd: preprocessCompute
  insize=7698 outsize=7702 ok=1
Cmd: preprocess
  insize=2774 outsize=312 ok=1
Cmd: preprocessCompute
  insize=6053 outsize=6057 ok=1
Cmd: preprocess
  insize=45986 outsize=21349 ok=1
Cmd: preprocess
  insize=5722 outsize=857 ok=1
Cmd: preprocessCompute
  insize=22282 outsize=22288 ok=1
Cmd: preprocess
  insize=2425 outsize=655 ok=1
Cmd: preprocessCompute
  insize=8870 outsize=8884 ok=1
Cmd: preprocess
  insize=40623 outsize=21347 ok=1
Cmd: preprocessCompute
  insize=3112 outsize=3116 ok=1
Cmd: preprocess
  insize=1601 outsize=368 ok=1
Cmd: preprocessCompute
  insize=3006 outsize=3012 ok=1
Cmd: preprocess
  insize=2152 outsize=512 ok=1
Cmd: preprocess
  insize=10594 outsize=338 ok=1
Cmd: preprocess
  insize=42240 outsize=26204 ok=1
Cmd: preprocessCompute
  insize=659 outsize=661 ok=1
Cmd: preprocess
  insize=3168 outsize=1070 ok=1
Cmd: preprocessCompute
  insize=4560 outsize=4562 ok=1
Cmd: preprocessCompute
  insize=3101 outsize=3111 ok=1
Cmd: preprocess
  insize=3580 outsize=601 ok=1
Cmd: preprocess
  insize=2976 outsize=342 ok=1
Cmd: preprocess
  insize=2853 outsize=582 ok=1
Cmd: preprocess
  insize=3813 outsize=387 ok=1
Cmd: preprocess
  insize=1754 outsize=1121 ok=1
Cmd: preprocessCompute
  insize=8151 outsize=8163 ok=1
Cmd: preprocess
  insize=2916 outsize=537 ok=1
Cmd: preprocess
  insize=4091 outsize=758 ok=1
Cmd: preprocessCompute
  insize=873 outsize=879 ok=1
Cmd: preprocess
  insize=7277 outsize=300 ok=1
Cmd: preprocessCompute
  insize=1627 outsize=1631 ok=1
Cmd: preprocessCompute
  insize=21139 outsize=21149 ok=1
Cmd: preprocessCompute
  insize=37213 outsize=37247 ok=1
Cmd: preprocessCompute
  insize=8506 outsize=8512 ok=1
Cmd: preprocess
  insize=3657 outsize=401 ok=1
Cmd: preprocess
  insize=3078 outsize=311 ok=1
Cmd: preprocessCompute
  insize=5622 outsize=5626 ok=1
Cmd: preprocess
  insize=2231 outsize=338 ok=1
Cmd: preprocessCompute
  insize=17979 outsize=17989 ok=1
Cmd: preprocess
  insize=5006 outsize=672 ok=1
Cmd: preprocess
  insize=22318 outsize=11100 ok=1
Cmd: preprocess
  insize=11909 outsize=356 ok=1
Cmd: preprocessCompute
  insize=5168 outsize=5190 ok=1
Cmd: preprocess
  insize=1156 outsize=393 ok=1
Cmd: preprocess
  insize=1982 outsize=428 ok=1
Cmd: preprocessCompute
  insize=847 outsize=848 ok=1
Cmd: preprocessCompute
  insize=16078 outsize=16084 ok=1
Cmd: preprocess
  insize=7045 outsize=292 ok=1
Cmd: preprocessCompute
  insize=2678 outsize=2684 ok=1
Cmd: preprocessCompute
  insize=3829 outsize=3831 ok=1
Cmd: preprocess
  insize=2074 outsize=307 ok=1
Cmd: preprocess
  insize=4355 outsize=856 ok=1
Cmd: preprocess
  insize=3357 outsize=406 ok=1
Cmd: preprocess
  insize=17974 outsize=1381 ok=1
Cmd: preprocessCompute
  insize=9193 outsize=9203 ok=1
Cmd: preprocessCompute
  insize=3125 outsize=3133 ok=1
Cmd: preprocess
  insize=830 outsize=318 ok=1
Cmd: preprocess
  insize=12815 outsize=337 ok=1
Cmd: preprocess
  insize=8862 outsize=4953 ok=1
Cmd: preprocessCompute
  insize=10115 outsize=10127 ok=1
Cmd: preprocess
  insize=43753 outsize=26887 ok=1
Cmd: preprocess
  insize=11250 outsize=6347 ok=1
Cmd: preprocess
  insize=13232 outsize=995 ok=1
Cmd: preprocessCompute
  insize=3378 outsize=3382 ok=1
Cmd: preprocessCompute
  insize=7885 outsize=7903 ok=1
Cmd: preprocessCompute
  insize=4023 outsize=4037 ok=1
Cmd: preprocessCompute
  insize=3736 outsize=3740 ok=1
Cmd: preprocessCompute
  insize=18069 outsize=18083 ok=1
Cmd: preprocessCompute
  insize=5885 outsize=5893 ok=1
Cmd: preprocessCompute
  insize=3930 outsize=3936 ok=1
Cmd: preprocessCompute
  insize=2549 outsize=2555 ok=1
Cmd: preprocessCompute
  insize=20124 outsize=20136 ok=1
Cmd: preprocess
  insize=3925 outsize=1017 ok=1
Cmd: compileSnippet
  api=4 type=0 insize=2436 outsize=1386 kw=INSTANCING_ON DECALS_3RT _TERRAIN_INSTANCED_PERPIXEL_NORMAL pd=UNITY_ENABLE_REFLECTION_BUFFERS UNITY_USE_DITHER_MASK_FOR_ALPHABLENDED_SHADOWS UNITY_PBS_USE_BRDF1 UNITY_SPECCUBE_BOX_PROJECTION UNITY_SPECCUBE_BLENDING UNITY_ENABLE_DETAIL_NORMALMAP SHADER_API_DESKTOP UNITY_LIGHT_PROBE_PROXY_VOLUME UNITY_LIGHTMAP_FULL_HDR ok=1
Cmd: compileSnippet
  api=4 type=1 insize=2436 outsize=6974 kw=INSTANCING_ON DECALS_3RT _TERRAIN_INSTANCED_PERPIXEL_NORMAL pd=UNITY_ENABLE_REFLECTION_BUFFERS UNITY_USE_DITHER_MASK_FOR_ALPHABLENDED_SHADOWS UNITY_PBS_USE_BRDF1 UNITY_SPECCUBE_BOX_PROJECTION UNITY_SPECCUBE_BLENDING UNITY_ENABLE_DETAIL_NORMALMAP SHADER_API_DESKTOP UNITY_LIGHT_PROBE_PROXY_VOLUME UNITY_LIGHTMAP_FULL_HDR ok=1
Cmd: preprocess
  insize=131247 outsize=5147 ok=1
Cmd: preprocess
  insize=223529 outsize=8118 ok=1
Cmd: preprocess
  insize=127879 outsize=5078 ok=1
